#
# There is insufficient memory for the Java Runtime Environment to continue.
# Native memory allocation (malloc) failed to allocate 1048576 bytes. Error detail: AllocateHeap
# Possible reasons:
#   The system is out of physical RAM or swap space
#   This process is running with CompressedOops enabled, and the Java Heap may be blocking the growth of the native heap
# Possible solutions:
#   Reduce memory load on the system
#   Increase physical memory or swap space
#   Check if swap backing store is full
#   Decrease Java heap size (-Xmx/-Xms)
#   Decrease number of Java threads
#   Decrease Java thread stack sizes (-Xss)
#   Set larger code cache with -XX:ReservedCodeCacheSize=
#   JVM is running with Unscaled Compressed Oops mode in which the Java heap is
#     placed in the first 4GB address space. The Java Heap base address is the
#     maximum limit for the native heap growth. Please use -XX:HeapBaseMinAddress
#     to set the Java Heap base and to place the Java Heap above 4GB virtual address.
# This output file may be truncated or incomplete.
#
#  Out of Memory Error (allocation.cpp:44), pid=14564, tid=14340
#
# JRE version: OpenJDK Runtime Environment Temurin-21.0.8+9 (21.0.8+9) (build 21.0.8+9-LTS)
# Java VM: OpenJDK 64-Bit Server VM Temurin-21.0.8+9 (21.0.8+9-LTS, mixed mode, sharing, tiered, compressed oops, compressed class ptrs, parallel gc, windows-amd64)
# No core dump will be written. Minidumps are not enabled by default on client versions of Windows
#

---------------  S U M M A R Y ------------

Command Line: --add-modules=ALL-SYSTEM --add-opens=java.base/java.util=ALL-UNNAMED --add-opens=java.base/java.lang=ALL-UNNAMED --add-opens=java.base/sun.nio.fs=ALL-UNNAMED -Declipse.application=org.eclipse.jdt.ls.core.id1 -Dosgi.bundles.defaultStartLevel=4 -Declipse.product=org.eclipse.jdt.ls.core.product -Djava.import.generatesMetadataFilesAtProjectRoot=false -DDetectVMInstallationsJob.disabled=true -Dfile.encoding=utf8 -XX:+UseParallelGC -XX:GCTimeRatio=4 -XX:AdaptiveSizePolicyWeight=90 -Dsun.zip.disableMemoryMapping=true -Xmx2G -Xms100m -Xlog:disable -javaagent:c:\Users\USER\.cursor\extensions\redhat.java-1.45.0-win32-x64\lombok\lombok-1.18.39-4050.jar -XX:+HeapDumpOnOutOfMemoryError -XX:HeapDumpPath=c:\Users\USER\AppData\Roaming\Cursor\User\workspaceStorage\58c249a5a5ce41e556466586948ca084\redhat.java -Daether.dependencyCollector.impl=bf c:\Users\USER\.cursor\extensions\redhat.java-1.45.0-win32-x64\server\plugins\org.eclipse.equinox.launcher_1.7.0.v20250519-0528.jar -configuration c:\Users\USER\AppData\Roaming\Cursor\User\globalStorage\redhat.java\1.45.0\config_win -data c:\Users\USER\AppData\Roaming\Cursor\User\workspaceStorage\58c249a5a5ce41e556466586948ca084\redhat.java\jdt_ws --pipe=\\.\pipe\lsp-10d2500037fa0d1aa1913f4063daba7f-sock

Host: Intel(R) Core(TM) i7-10750H CPU @ 2.60GHz, 12 cores, 15G,  Windows 11 , 64 bit Build 26100 (10.0.26100.6725)
Time: Wed Oct  1 23:08:21 2025 Sri Lanka Standard Time elapsed time: 14530.405466 seconds (0d 4h 2m 10s)

---------------  T H R E A D  ---------------

Current thread (0x000001fe15796780):  JavaThread "Attach Listener" daemon [_thread_in_vm, id=14340, stack(0x000000e9a4600000,0x000000e9a4700000) (1024K)]

Stack: [0x000000e9a4600000,0x000000e9a4700000]
Native frames: (J=compiled Java code, j=interpreted, Vv=VM code, C=native code)
V  [jvm.dll+0x6d2449]
V  [jvm.dll+0x8ae341]
V  [jvm.dll+0x8b08be]
V  [jvm.dll+0x8b0fa3]
V  [jvm.dll+0x280c96]
V  [jvm.dll+0xc0347]
V  [jvm.dll+0x6d2cf9]
V  [jvm.dll+0x131116]
V  [jvm.dll+0x3f2d16]
V  [jvm.dll+0x857e6b]
V  [jvm.dll+0x6d0b0d]
C  [ucrtbase.dll+0x37b0]
C  [KERNEL32.DLL+0x2e8d7]
C  [ntdll.dll+0x8c53c]


---------------  P R O C E S S  ---------------

Threads class SMR info:
_java_thread_list=0x000001fe7090d500, length=38, elements={
0x000001fe156eb880, 0x000001fe15791380, 0x000001fe6f1fe8a0, 0x000001fe15795b30,
0x000001fe15796780, 0x000001fe1579bb30, 0x000001fe1579f8a0, 0x000001fe70553f00,
0x000001fe70558160, 0x000001fe7063edb0, 0x000001fe707ea910, 0x000001fe71b43c20,
0x000001fe760fa9a0, 0x000001fe760ef470, 0x000001fe760bcac0, 0x000001fe762ce300,
0x000001fe762cf020, 0x000001fe762cdc70, 0x000001fe766e4730, 0x000001fe766e40a0,
0x000001fe766e6e90, 0x000001fe766e6170, 0x000001fe766e4dc0, 0x000001fe766e88d0,
0x000001fe766e5450, 0x000001fe766ea310, 0x000001fe766e8f60, 0x000001fe766eb030,
0x000001fe766e95f0, 0x000001fe766e9c80, 0x000001fe766ea9a0, 0x000001fe766eb6c0,
0x000001fe788ca330, 0x000001fe788cb050, 0x000001fe788cb6e0, 0x000001fe788ca9c0,
0x000001fe788cbd70, 0x000001fe788c88f0
}

Java Threads: ( => current thread )
  0x000001fe156eb880 JavaThread "main"                              [_thread_blocked, id=18944, stack(0x000000e9a3f00000,0x000000e9a4000000) (1024K)]
  0x000001fe15791380 JavaThread "Reference Handler"          daemon [_thread_blocked, id=10704, stack(0x000000e9a4300000,0x000000e9a4400000) (1024K)]
  0x000001fe6f1fe8a0 JavaThread "Finalizer"                  daemon [_thread_blocked, id=8220, stack(0x000000e9a4400000,0x000000e9a4500000) (1024K)]
  0x000001fe15795b30 JavaThread "Signal Dispatcher"          daemon [_thread_blocked, id=15848, stack(0x000000e9a4500000,0x000000e9a4600000) (1024K)]
=>0x000001fe15796780 JavaThread "Attach Listener"            daemon [_thread_in_vm, id=14340, stack(0x000000e9a4600000,0x000000e9a4700000) (1024K)]
  0x000001fe1579bb30 JavaThread "Service Thread"             daemon [_thread_blocked, id=15244, stack(0x000000e9a4700000,0x000000e9a4800000) (1024K)]
  0x000001fe1579f8a0 JavaThread "Monitor Deflation Thread"   daemon [_thread_blocked, id=19896, stack(0x000000e9a4800000,0x000000e9a4900000) (1024K)]
  0x000001fe70553f00 JavaThread "C2 CompilerThread0"         daemon [_thread_blocked, id=1796, stack(0x000000e9a4900000,0x000000e9a4a00000) (1024K)]
  0x000001fe70558160 JavaThread "C1 CompilerThread0"         daemon [_thread_blocked, id=14128, stack(0x000000e9a4a00000,0x000000e9a4b00000) (1024K)]
  0x000001fe7063edb0 JavaThread "Common-Cleaner"             daemon [_thread_blocked, id=12604, stack(0x000000e9a4b00000,0x000000e9a4c00000) (1024K)]
  0x000001fe707ea910 JavaThread "Notification Thread"        daemon [_thread_blocked, id=18300, stack(0x000000e9a4e00000,0x000000e9a4f00000) (1024K)]
  0x000001fe71b43c20 JavaThread "Active Thread: Equinox Container: abe53be6-a32a-4993-a86a-2b115efc04c6"        [_thread_blocked, id=9376, stack(0x000000e9a5500000,0x000000e9a5600000) (1024K)]
  0x000001fe760fa9a0 JavaThread "Refresh Thread: Equinox Container: abe53be6-a32a-4993-a86a-2b115efc04c6" daemon [_thread_blocked, id=2556, stack(0x000000e9a5600000,0x000000e9a5700000) (1024K)]
  0x000001fe760ef470 JavaThread "Framework Event Dispatcher: Equinox Container: abe53be6-a32a-4993-a86a-2b115efc04c6" daemon [_thread_blocked, id=1908, stack(0x000000e9a5800000,0x000000e9a5900000) (1024K)]
  0x000001fe760bcac0 JavaThread "Start Level: Equinox Container: abe53be6-a32a-4993-a86a-2b115efc04c6" daemon [_thread_blocked, id=13852, stack(0x000000e9a5900000,0x000000e9a5a00000) (1024K)]
  0x000001fe762ce300 JavaThread "Bundle File Closer"         daemon [_thread_blocked, id=12640, stack(0x000000e9a5c00000,0x000000e9a5d00000) (1024K)]
  0x000001fe762cf020 JavaThread "SCR Component Actor"        daemon [_thread_blocked, id=22952, stack(0x000000e9a5d00000,0x000000e9a5e00000) (1024K)]
  0x000001fe762cdc70 JavaThread "Worker-JM"                         [_thread_blocked, id=1360, stack(0x000000e9a5e00000,0x000000e9a5f00000) (1024K)]
  0x000001fe766e4730 JavaThread "JNA Cleaner"                daemon [_thread_blocked, id=19328, stack(0x000000e9a5f00000,0x000000e9a6000000) (1024K)]
  0x000001fe766e40a0 JavaThread "Worker-0"                          [_thread_blocked, id=5084, stack(0x000000e9a6000000,0x000000e9a6100000) (1024K)]
  0x000001fe766e6e90 JavaThread "Java indexing"              daemon [_thread_blocked, id=3420, stack(0x000000e9a6200000,0x000000e9a6300000) (1024K)]
  0x000001fe766e6170 JavaThread "Thread-2"                   daemon [_thread_in_native, id=3240, stack(0x000000e9a6800000,0x000000e9a6900000) (1024K)]
  0x000001fe766e4dc0 JavaThread "Thread-3"                   daemon [_thread_in_native, id=11404, stack(0x000000e9a6900000,0x000000e9a6a00000) (1024K)]
  0x000001fe766e88d0 JavaThread "Thread-4"                   daemon [_thread_in_native, id=3260, stack(0x000000e9a6a00000,0x000000e9a6b00000) (1024K)]
  0x000001fe766e5450 JavaThread "Thread-5"                   daemon [_thread_in_native, id=8516, stack(0x000000e9a6b00000,0x000000e9a6c00000) (1024K)]
  0x000001fe766ea310 JavaThread "Thread-6"                   daemon [_thread_in_native, id=8548, stack(0x000000e9a6c00000,0x000000e9a6d00000) (1024K)]
  0x000001fe766e8f60 JavaThread "Thread-7"                   daemon [_thread_in_native, id=8372, stack(0x000000e9a6d00000,0x000000e9a6e00000) (1024K)]
  0x000001fe766eb030 JavaThread "Thread-8"                   daemon [_thread_in_native, id=3220, stack(0x000000e9a6e00000,0x000000e9a6f00000) (1024K)]
  0x000001fe766e95f0 JavaThread "Thread-9"                   daemon [_thread_in_native, id=17084, stack(0x000000e9a6f00000,0x000000e9a7000000) (1024K)]
  0x000001fe766e9c80 JavaThread "Thread-10"                  daemon [_thread_in_native, id=17988, stack(0x000000e9a7000000,0x000000e9a7100000) (1024K)]
  0x000001fe766ea9a0 JavaThread "Thread-11"                  daemon [_thread_in_native, id=24028, stack(0x000000e9a7100000,0x000000e9a7200000) (1024K)]
  0x000001fe766eb6c0 JavaThread "Thread-12"                  daemon [_thread_in_native, id=3312, stack(0x000000e9a7200000,0x000000e9a7300000) (1024K)]
  0x000001fe788ca330 JavaThread "Thread-13"                  daemon [_thread_in_native, id=21388, stack(0x000000e9a7300000,0x000000e9a7400000) (1024K)]
  0x000001fe788cb050 JavaThread "Thread-14"                  daemon [_thread_in_native, id=10592, stack(0x000000e9a7400000,0x000000e9a7500000) (1024K)]
  0x000001fe788cb6e0 JavaThread "pool-2-thread-1"                   [_thread_blocked, id=12908, stack(0x000000e9a7500000,0x000000e9a7600000) (1024K)]
  0x000001fe788ca9c0 JavaThread "WorkspaceEventsHandler"            [_thread_blocked, id=14604, stack(0x000000e9a7600000,0x000000e9a7700000) (1024K)]
  0x000001fe788cbd70 JavaThread "pool-1-thread-1"                   [_thread_blocked, id=2456, stack(0x000000e9a7700000,0x000000e9a7800000) (1024K)]
  0x000001fe788c88f0 JavaThread "Worker-6"                          [_thread_blocked, id=16912, stack(0x000000e9a3c00000,0x000000e9a3d00000) (1024K)]
Total: 38

Other Threads:
  0x000001fe6f1e4530 VMThread "VM Thread"                           [id=23864, stack(0x000000e9a4200000,0x000000e9a4300000) (1024K)]
  0x000001fe6f0dca00 WatcherThread "VM Periodic Task Thread"        [id=24536, stack(0x000000e9a4100000,0x000000e9a4200000) (1024K)]
  0x000001fe1570ad80 WorkerThread "GC Thread#0"                     [id=11248, stack(0x000000e9a4000000,0x000000e9a4100000) (1024K)]
  0x000001fe708e5280 WorkerThread "GC Thread#1"                     [id=22224, stack(0x000000e9a4f00000,0x000000e9a5000000) (1024K)]
  0x000001fe71657aa0 WorkerThread "GC Thread#2"                     [id=10648, stack(0x000000e9a5000000,0x000000e9a5100000) (1024K)]
  0x000001fe71657e40 WorkerThread "GC Thread#3"                     [id=10788, stack(0x000000e9a5100000,0x000000e9a5200000) (1024K)]
  0x000001fe716581e0 WorkerThread "GC Thread#4"                     [id=18784, stack(0x000000e9a5200000,0x000000e9a5300000) (1024K)]
  0x000001fe71658580 WorkerThread "GC Thread#5"                     [id=2304, stack(0x000000e9a5300000,0x000000e9a5400000) (1024K)]
  0x000001fe71658920 WorkerThread "GC Thread#6"                     [id=8660, stack(0x000000e9a5400000,0x000000e9a5500000) (1024K)]
  0x000001fe7633c5d0 WorkerThread "GC Thread#7"                     [id=7088, stack(0x000000e9a5700000,0x000000e9a5800000) (1024K)]
  0x000001fe7670a220 WorkerThread "GC Thread#8"                     [id=14936, stack(0x000000e9a5a00000,0x000000e9a5b00000) (1024K)]
  0x000001fe7669f500 WorkerThread "GC Thread#9"                     [id=18860, stack(0x000000e9a5b00000,0x000000e9a5c00000) (1024K)]
Total: 12

Threads with active compile tasks:
Total: 0

VM state: not at safepoint (normal execution)

VM Mutex/Monitor currently owned by a thread: None

Heap address: 0x0000000080000000, size: 2048 MB, Compressed Oops mode: 32-bit

CDS archive(s) mapped at: [0x000001fe2e000000-0x000001fe2eba0000-0x000001fe2eba0000), size 12189696, SharedBaseAddress: 0x000001fe2e000000, ArchiveRelocationMode: 1.
Compressed class space mapped at: 0x000001fe2f000000-0x000001fe6f000000, reserved size: 1073741824
Narrow klass base: 0x000001fe2e000000, Narrow klass shift: 0, Narrow klass range: 0x100000000

GC Precious Log:
 CardTable entry size: 512
 CPUs: 12 total, 12 available
 Memory: 16205M
 Large Page Support: Disabled
 NUMA Support: Disabled
 Compressed Oops: Enabled (32-bit)
 Alignments: Space 512K, Generation 512K, Heap 2M
 Heap Min Capacity: 100M
 Heap Initial Capacity: 100M
 Heap Max Capacity: 2G
 Pre-touch: Disabled
 Parallel Workers: 10

Heap:
 PSYoungGen      total 7680K, used 2483K [0x00000000d5580000, 0x00000000d6280000, 0x0000000100000000)
  eden space 7168K, 30% used [0x00000000d5580000,0x00000000d579cfd0,0x00000000d5c80000)
  from space 512K, 62% used [0x00000000d6200000,0x00000000d6250000,0x00000000d6280000)
  to   space 512K, 0% used [0x00000000d6180000,0x00000000d6180000,0x00000000d6200000)
 ParOldGen       total 133632K, used 78796K [0x0000000080000000, 0x0000000088280000, 0x00000000d5580000)
  object space 133632K, 58% used [0x0000000080000000,0x0000000084cf3388,0x0000000088280000)
 Metaspace       used 61583K, committed 62976K, reserved 1114112K
  class space    used 6530K, committed 7168K, reserved 1048576K

Card table byte_map: [0x000001fe293b0000,0x000001fe297c0000] _byte_map_base: 0x000001fe28fb0000

Marking Bits: (ParMarkBitMap*) 0x00007ffbf757a340
 Begin Bits: [0x000001fe29a70000, 0x000001fe2ba70000)
 End Bits:   [0x000001fe2ba70000, 0x000001fe2da70000)

Polling page: 0x000001fe1a1a0000

Metaspace:

Usage:
  Non-class:     53.76 MB used.
      Class:      6.38 MB used.
       Both:     60.14 MB used.

Virtual space:
  Non-class space:       64.00 MB reserved,      54.50 MB ( 85%) committed,  1 nodes.
      Class space:        1.00 GB reserved,       7.00 MB ( <1%) committed,  1 nodes.
             Both:        1.06 GB reserved,      61.50 MB (  6%) committed. 

Chunk freelists:
   Non-Class:  9.14 MB
       Class:  9.03 MB
        Both:  18.17 MB

MaxMetaspaceSize: unlimited
CompressedClassSpaceSize: 1.00 GB
Initial GC threshold: 21.00 MB
Current GC threshold: 97.31 MB
CDS: on
 - commit_granule_bytes: 65536.
 - commit_granule_words: 8192.
 - virtual_space_node_default_size: 8388608.
 - enlarge_chunks_in_place: 1.
 - use_allocation_guard: 0.


Internal statistics:

num_allocs_failed_limit: 9.
num_arena_births: 1008.
num_arena_deaths: 16.
num_vsnodes_births: 2.
num_vsnodes_deaths: 0.
num_space_committed: 984.
num_space_uncommitted: 0.
num_chunks_returned_to_freelist: 26.
num_chunks_taken_from_freelist: 3741.
num_chunk_merges: 13.
num_chunk_splits: 2375.
num_chunks_enlarged: 1446.
num_inconsistent_stats: 0.

CodeHeap 'non-profiled nmethods': size=120000Kb used=5646Kb max_used=5646Kb free=114353Kb
 bounds [0x000001fe21c90000, 0x000001fe22220000, 0x000001fe291c0000]
CodeHeap 'profiled nmethods': size=120000Kb used=18371Kb max_used=18371Kb free=101628Kb
 bounds [0x000001fe1a1c0000, 0x000001fe1b3c0000, 0x000001fe216f0000]
CodeHeap 'non-nmethods': size=5760Kb used=1423Kb max_used=1496Kb free=4336Kb
 bounds [0x000001fe216f0000, 0x000001fe21960000, 0x000001fe21c90000]
CodeCache: size=245760Kb, used=25440Kb, max_used=25513Kb, free=220317Kb
 total_blobs=9401, nmethods=8663, adapters=644, full_count=0
Compilation: enabled, stopped_count=0, restarted_count=0

Compilation events (20 events):
Event: 14133.513 Thread 0x000001fe70558160 9446       3       com.google.inject.internal.MoreTypes::isFullySpecified (48 bytes)
Event: 14133.513 Thread 0x000001fe70558160 nmethod 9446 0x000001fe1b3ace10 code [0x000001fe1b3ad040, 0x000001fe1b3ad928]
Event: 14133.513 Thread 0x000001fe70558160 9447  s    3       org.eclipse.m2e.core.internal.project.registry.DependencyResolutionContext::isEmpty (10 bytes)
Event: 14133.513 Thread 0x000001fe70558160 nmethod 9447 0x000001fe1b3ada90 code [0x000001fe1b3adc40, 0x000001fe1b3adee0]
Event: 14133.514 Thread 0x000001fe70553f00 9448       4       java.lang.Integer::stringSize (47 bytes)
Event: 14133.515 Thread 0x000001fe70553f00 nmethod 9448 0x000001fe22213690 code [0x000001fe22213800, 0x000001fe222138f8]
Event: 14154.931 Thread 0x000001fe70558160 9449       3       java.util.concurrent.ConcurrentHashMap::getOrDefault (16 bytes)
Event: 14154.931 Thread 0x000001fe70558160 nmethod 9449 0x000001fe1b3ae010 code [0x000001fe1b3ae1c0, 0x000001fe1b3ae3d8]
Event: 14154.933 Thread 0x000001fe70558160 9450       3       java.util.concurrent.ForkJoinPool::scan (263 bytes)
Event: 14154.934 Thread 0x000001fe70558160 nmethod 9450 0x000001fe1b3ae490 code [0x000001fe1b3ae6c0, 0x000001fe1b3aee78]
Event: 14154.934 Thread 0x000001fe70558160 9451       3       sun.nio.fs.WindowsPath::resolve (6 bytes)
Event: 14154.934 Thread 0x000001fe70558160 nmethod 9451 0x000001fe1b3af190 code [0x000001fe1b3af340, 0x000001fe1b3af500]
Event: 14154.936 Thread 0x000001fe70558160 9452       3       java.io.ObjectOutputStream$HandleTable::assign (52 bytes)
Event: 14154.936 Thread 0x000001fe70558160 nmethod 9452 0x000001fe1b3af590 code [0x000001fe1b3af760, 0x000001fe1b3af9c0]
Event: 14154.936 Thread 0x000001fe70558160 9453       3       java.io.ObjectOutputStream$HandleTable::insert (39 bytes)
Event: 14154.936 Thread 0x000001fe70558160 nmethod 9453 0x000001fe1b3afb10 code [0x000001fe1b3afce0, 0x000001fe1b3b0070]
Event: 14154.938 Thread 0x000001fe70558160 9454       3       java.util.concurrent.ConcurrentHashMap$MapEntry::hashCode (16 bytes)
Event: 14154.938 Thread 0x000001fe70558160 nmethod 9454 0x000001fe1b3b0290 code [0x000001fe1b3b0460, 0x000001fe1b3b0720]
Event: 14155.102 Thread 0x000001fe70558160 9455       3       org.eclipse.core.internal.events.ResourceChangeEvent::<init> (27 bytes)
Event: 14155.103 Thread 0x000001fe70558160 nmethod 9455 0x000001fe1b3b0810 code [0x000001fe1b3b09e0, 0x000001fe1b3b0cf8]

GC Heap History (20 events):
Event: 1363.296 GC heap before
{Heap before GC invocations=54 (full 3):
 PSYoungGen      total 7680K, used 7673K [0x00000000d5580000, 0x00000000d6280000, 0x0000000100000000)
  eden space 7168K, 100% used [0x00000000d5580000,0x00000000d5c80000,0x00000000d5c80000)
  from space 512K, 98% used [0x00000000d6200000,0x00000000d627e4b0,0x00000000d6280000)
  to   space 1024K, 0% used [0x00000000d6080000,0x00000000d6080000,0x00000000d6180000)
 ParOldGen       total 133632K, used 77285K [0x0000000080000000, 0x0000000088280000, 0x00000000d5580000)
  object space 133632K, 57% used [0x0000000080000000,0x0000000084b79428,0x0000000088280000)
 Metaspace       used 59775K, committed 61120K, reserved 1114112K
  class space    used 6423K, committed 6976K, reserved 1048576K
}
Event: 1363.297 GC heap after
{Heap after GC invocations=54 (full 3):
 PSYoungGen      total 8192K, used 288K [0x00000000d5580000, 0x00000000d6280000, 0x0000000100000000)
  eden space 7168K, 0% used [0x00000000d5580000,0x00000000d5580000,0x00000000d5c80000)
  from space 1024K, 28% used [0x00000000d6080000,0x00000000d60c8000,0x00000000d6180000)
  to   space 512K, 0% used [0x00000000d6200000,0x00000000d6200000,0x00000000d6280000)
 ParOldGen       total 133632K, used 77708K [0x0000000080000000, 0x0000000088280000, 0x00000000d5580000)
  object space 133632K, 58% used [0x0000000080000000,0x0000000084be3328,0x0000000088280000)
 Metaspace       used 59775K, committed 61120K, reserved 1114112K
  class space    used 6423K, committed 6976K, reserved 1048576K
}
Event: 1365.255 GC heap before
{Heap before GC invocations=55 (full 3):
 PSYoungGen      total 8192K, used 7456K [0x00000000d5580000, 0x00000000d6280000, 0x0000000100000000)
  eden space 7168K, 100% used [0x00000000d5580000,0x00000000d5c80000,0x00000000d5c80000)
  from space 1024K, 28% used [0x00000000d6080000,0x00000000d60c8000,0x00000000d6180000)
  to   space 512K, 0% used [0x00000000d6200000,0x00000000d6200000,0x00000000d6280000)
 ParOldGen       total 133632K, used 77708K [0x0000000080000000, 0x0000000088280000, 0x00000000d5580000)
  object space 133632K, 58% used [0x0000000080000000,0x0000000084be3328,0x0000000088280000)
 Metaspace       used 60582K, committed 61952K, reserved 1114112K
  class space    used 6502K, committed 7040K, reserved 1048576K
}
Event: 1365.257 GC heap after
{Heap after GC invocations=55 (full 3):
 PSYoungGen      total 7680K, used 480K [0x00000000d5580000, 0x00000000d6280000, 0x0000000100000000)
  eden space 7168K, 0% used [0x00000000d5580000,0x00000000d5580000,0x00000000d5c80000)
  from space 512K, 93% used [0x00000000d6200000,0x00000000d6278020,0x00000000d6280000)
  to   space 1024K, 0% used [0x00000000d6080000,0x00000000d6080000,0x00000000d6180000)
 ParOldGen       total 133632K, used 77836K [0x0000000080000000, 0x0000000088280000, 0x00000000d5580000)
  object space 133632K, 58% used [0x0000000080000000,0x0000000084c03328,0x0000000088280000)
 Metaspace       used 60582K, committed 61952K, reserved 1114112K
  class space    used 6502K, committed 7040K, reserved 1048576K
}
Event: 1373.513 GC heap before
{Heap before GC invocations=56 (full 3):
 PSYoungGen      total 7680K, used 7648K [0x00000000d5580000, 0x00000000d6280000, 0x0000000100000000)
  eden space 7168K, 99% used [0x00000000d5580000,0x00000000d5c7fff8,0x00000000d5c80000)
  from space 512K, 93% used [0x00000000d6200000,0x00000000d6278020,0x00000000d6280000)
  to   space 1024K, 0% used [0x00000000d6080000,0x00000000d6080000,0x00000000d6180000)
 ParOldGen       total 133632K, used 77836K [0x0000000080000000, 0x0000000088280000, 0x00000000d5580000)
  object space 133632K, 58% used [0x0000000080000000,0x0000000084c03328,0x0000000088280000)
 Metaspace       used 60727K, committed 62016K, reserved 1114112K
  class space    used 6502K, committed 7040K, reserved 1048576K
}
Event: 1373.514 GC heap after
{Heap after GC invocations=56 (full 3):
 PSYoungGen      total 8192K, used 336K [0x00000000d5580000, 0x00000000d6280000, 0x0000000100000000)
  eden space 7168K, 0% used [0x00000000d5580000,0x00000000d5580000,0x00000000d5c80000)
  from space 1024K, 32% used [0x00000000d6080000,0x00000000d60d4010,0x00000000d6180000)
  to   space 512K, 0% used [0x00000000d6200000,0x00000000d6200000,0x00000000d6280000)
 ParOldGen       total 133632K, used 78180K [0x0000000080000000, 0x0000000088280000, 0x00000000d5580000)
  object space 133632K, 58% used [0x0000000080000000,0x0000000084c59358,0x0000000088280000)
 Metaspace       used 60727K, committed 62016K, reserved 1114112K
  class space    used 6502K, committed 7040K, reserved 1048576K
}
Event: 1457.820 GC heap before
{Heap before GC invocations=57 (full 3):
 PSYoungGen      total 8192K, used 7504K [0x00000000d5580000, 0x00000000d6280000, 0x0000000100000000)
  eden space 7168K, 100% used [0x00000000d5580000,0x00000000d5c80000,0x00000000d5c80000)
  from space 1024K, 32% used [0x00000000d6080000,0x00000000d60d4010,0x00000000d6180000)
  to   space 512K, 0% used [0x00000000d6200000,0x00000000d6200000,0x00000000d6280000)
 ParOldGen       total 133632K, used 78180K [0x0000000080000000, 0x0000000088280000, 0x00000000d5580000)
  object space 133632K, 58% used [0x0000000080000000,0x0000000084c59358,0x0000000088280000)
 Metaspace       used 60821K, committed 62080K, reserved 1114112K
  class space    used 6502K, committed 7040K, reserved 1048576K
}
Event: 1457.821 GC heap after
{Heap after GC invocations=57 (full 3):
 PSYoungGen      total 7680K, used 320K [0x00000000d5580000, 0x00000000d6280000, 0x0000000100000000)
  eden space 7168K, 0% used [0x00000000d5580000,0x00000000d5580000,0x00000000d5c80000)
  from space 512K, 62% used [0x00000000d6200000,0x00000000d6250000,0x00000000d6280000)
  to   space 512K, 0% used [0x00000000d6180000,0x00000000d6180000,0x00000000d6200000)
 ParOldGen       total 133632K, used 78252K [0x0000000080000000, 0x0000000088280000, 0x00000000d5580000)
  object space 133632K, 58% used [0x0000000080000000,0x0000000084c6b358,0x0000000088280000)
 Metaspace       used 60821K, committed 62080K, reserved 1114112K
  class space    used 6502K, committed 7040K, reserved 1048576K
}
Event: 3064.200 GC heap before
{Heap before GC invocations=58 (full 3):
 PSYoungGen      total 7680K, used 7488K [0x00000000d5580000, 0x00000000d6280000, 0x0000000100000000)
  eden space 7168K, 100% used [0x00000000d5580000,0x00000000d5c80000,0x00000000d5c80000)
  from space 512K, 62% used [0x00000000d6200000,0x00000000d6250000,0x00000000d6280000)
  to   space 512K, 0% used [0x00000000d6180000,0x00000000d6180000,0x00000000d6200000)
 ParOldGen       total 133632K, used 78252K [0x0000000080000000, 0x0000000088280000, 0x00000000d5580000)
  object space 133632K, 58% used [0x0000000080000000,0x0000000084c6b358,0x0000000088280000)
 Metaspace       used 61143K, committed 62528K, reserved 1114112K
  class space    used 6528K, committed 7168K, reserved 1048576K
}
Event: 3064.201 GC heap after
{Heap after GC invocations=58 (full 3):
 PSYoungGen      total 7680K, used 320K [0x00000000d5580000, 0x00000000d6280000, 0x0000000100000000)
  eden space 7168K, 0% used [0x00000000d5580000,0x00000000d5580000,0x00000000d5c80000)
  from space 512K, 62% used [0x00000000d6180000,0x00000000d61d0000,0x00000000d6200000)
  to   space 512K, 0% used [0x00000000d6200000,0x00000000d6200000,0x00000000d6280000)
 ParOldGen       total 133632K, used 78316K [0x0000000080000000, 0x0000000088280000, 0x00000000d5580000)
  object space 133632K, 58% used [0x0000000080000000,0x0000000084c7b358,0x0000000088280000)
 Metaspace       used 61143K, committed 62528K, reserved 1114112K
  class space    used 6528K, committed 7168K, reserved 1048576K
}
Event: 7040.956 GC heap before
{Heap before GC invocations=59 (full 3):
 PSYoungGen      total 7680K, used 7488K [0x00000000d5580000, 0x00000000d6280000, 0x0000000100000000)
  eden space 7168K, 100% used [0x00000000d5580000,0x00000000d5c80000,0x00000000d5c80000)
  from space 512K, 62% used [0x00000000d6180000,0x00000000d61d0000,0x00000000d6200000)
  to   space 512K, 0% used [0x00000000d6200000,0x00000000d6200000,0x00000000d6280000)
 ParOldGen       total 133632K, used 78316K [0x0000000080000000, 0x0000000088280000, 0x00000000d5580000)
  object space 133632K, 58% used [0x0000000080000000,0x0000000084c7b358,0x0000000088280000)
 Metaspace       used 61250K, committed 62656K, reserved 1114112K
  class space    used 6529K, committed 7168K, reserved 1048576K
}
Event: 7040.960 GC heap after
{Heap after GC invocations=59 (full 3):
 PSYoungGen      total 7680K, used 320K [0x00000000d5580000, 0x00000000d6280000, 0x0000000100000000)
  eden space 7168K, 0% used [0x00000000d5580000,0x00000000d5580000,0x00000000d5c80000)
  from space 512K, 62% used [0x00000000d6200000,0x00000000d6250000,0x00000000d6280000)
  to   space 512K, 0% used [0x00000000d6180000,0x00000000d6180000,0x00000000d6200000)
 ParOldGen       total 133632K, used 78420K [0x0000000080000000, 0x0000000088280000, 0x00000000d5580000)
  object space 133632K, 58% used [0x0000000080000000,0x0000000084c95358,0x0000000088280000)
 Metaspace       used 61250K, committed 62656K, reserved 1114112K
  class space    used 6529K, committed 7168K, reserved 1048576K
}
Event: 8140.684 GC heap before
{Heap before GC invocations=60 (full 3):
 PSYoungGen      total 7680K, used 7487K [0x00000000d5580000, 0x00000000d6280000, 0x0000000100000000)
  eden space 7168K, 99% used [0x00000000d5580000,0x00000000d5c7fff8,0x00000000d5c80000)
  from space 512K, 62% used [0x00000000d6200000,0x00000000d6250000,0x00000000d6280000)
  to   space 512K, 0% used [0x00000000d6180000,0x00000000d6180000,0x00000000d6200000)
 ParOldGen       total 133632K, used 78420K [0x0000000080000000, 0x0000000088280000, 0x00000000d5580000)
  object space 133632K, 58% used [0x0000000080000000,0x0000000084c95358,0x0000000088280000)
 Metaspace       used 61324K, committed 62784K, reserved 1114112K
  class space    used 6529K, committed 7168K, reserved 1048576K
}
Event: 8140.685 GC heap after
{Heap after GC invocations=60 (full 3):
 PSYoungGen      total 7680K, used 256K [0x00000000d5580000, 0x00000000d6280000, 0x0000000100000000)
  eden space 7168K, 0% used [0x00000000d5580000,0x00000000d5580000,0x00000000d5c80000)
  from space 512K, 50% used [0x00000000d6180000,0x00000000d61c0000,0x00000000d6200000)
  to   space 512K, 0% used [0x00000000d6200000,0x00000000d6200000,0x00000000d6280000)
 ParOldGen       total 133632K, used 78484K [0x0000000080000000, 0x0000000088280000, 0x00000000d5580000)
  object space 133632K, 58% used [0x0000000080000000,0x0000000084ca5358,0x0000000088280000)
 Metaspace       used 61324K, committed 62784K, reserved 1114112K
  class space    used 6529K, committed 7168K, reserved 1048576K
}
Event: 8931.960 GC heap before
{Heap before GC invocations=61 (full 3):
 PSYoungGen      total 7680K, used 7424K [0x00000000d5580000, 0x00000000d6280000, 0x0000000100000000)
  eden space 7168K, 100% used [0x00000000d5580000,0x00000000d5c80000,0x00000000d5c80000)
  from space 512K, 50% used [0x00000000d6180000,0x00000000d61c0000,0x00000000d6200000)
  to   space 512K, 0% used [0x00000000d6200000,0x00000000d6200000,0x00000000d6280000)
 ParOldGen       total 133632K, used 78484K [0x0000000080000000, 0x0000000088280000, 0x00000000d5580000)
  object space 133632K, 58% used [0x0000000080000000,0x0000000084ca5358,0x0000000088280000)
 Metaspace       used 61432K, committed 62848K, reserved 1114112K
  class space    used 6530K, committed 7168K, reserved 1048576K
}
Event: 8931.961 GC heap after
{Heap after GC invocations=61 (full 3):
 PSYoungGen      total 7680K, used 320K [0x00000000d5580000, 0x00000000d6280000, 0x0000000100000000)
  eden space 7168K, 0% used [0x00000000d5580000,0x00000000d5580000,0x00000000d5c80000)
  from space 512K, 62% used [0x00000000d6200000,0x00000000d6250000,0x00000000d6280000)
  to   space 512K, 0% used [0x00000000d6180000,0x00000000d6180000,0x00000000d6200000)
 ParOldGen       total 133632K, used 78548K [0x0000000080000000, 0x0000000088280000, 0x00000000d5580000)
  object space 133632K, 58% used [0x0000000080000000,0x0000000084cb5358,0x0000000088280000)
 Metaspace       used 61432K, committed 62848K, reserved 1114112K
  class space    used 6530K, committed 7168K, reserved 1048576K
}
Event: 9733.401 GC heap before
{Heap before GC invocations=62 (full 3):
 PSYoungGen      total 7680K, used 7480K [0x00000000d5580000, 0x00000000d6280000, 0x0000000100000000)
  eden space 7168K, 99% used [0x00000000d5580000,0x00000000d5c7e128,0x00000000d5c80000)
  from space 512K, 62% used [0x00000000d6200000,0x00000000d6250000,0x00000000d6280000)
  to   space 512K, 0% used [0x00000000d6180000,0x00000000d6180000,0x00000000d6200000)
 ParOldGen       total 133632K, used 78548K [0x0000000080000000, 0x0000000088280000, 0x00000000d5580000)
  object space 133632K, 58% used [0x0000000080000000,0x0000000084cb5358,0x0000000088280000)
 Metaspace       used 61494K, committed 62912K, reserved 1114112K
  class space    used 6530K, committed 7168K, reserved 1048576K
}
Event: 9733.402 GC heap after
{Heap after GC invocations=62 (full 3):
 PSYoungGen      total 7680K, used 416K [0x00000000d5580000, 0x00000000d6280000, 0x0000000100000000)
  eden space 7168K, 0% used [0x00000000d5580000,0x00000000d5580000,0x00000000d5c80000)
  from space 512K, 81% used [0x00000000d6180000,0x00000000d61e8020,0x00000000d6200000)
  to   space 512K, 0% used [0x00000000d6200000,0x00000000d6200000,0x00000000d6280000)
 ParOldGen       total 133632K, used 78628K [0x0000000080000000, 0x0000000088280000, 0x00000000d5580000)
  object space 133632K, 58% used [0x0000000080000000,0x0000000084cc9358,0x0000000088280000)
 Metaspace       used 61494K, committed 62912K, reserved 1114112K
  class space    used 6530K, committed 7168K, reserved 1048576K
}
Event: 13855.096 GC heap before
{Heap before GC invocations=63 (full 3):
 PSYoungGen      total 7680K, used 7570K [0x00000000d5580000, 0x00000000d6280000, 0x0000000100000000)
  eden space 7168K, 99% used [0x00000000d5580000,0x00000000d5c7c888,0x00000000d5c80000)
  from space 512K, 81% used [0x00000000d6180000,0x00000000d61e8020,0x00000000d6200000)
  to   space 512K, 0% used [0x00000000d6200000,0x00000000d6200000,0x00000000d6280000)
 ParOldGen       total 133632K, used 78628K [0x0000000080000000, 0x0000000088280000, 0x00000000d5580000)
  object space 133632K, 58% used [0x0000000080000000,0x0000000084cc9358,0x0000000088280000)
 Metaspace       used 61561K, committed 62976K, reserved 1114112K
  class space    used 6530K, committed 7168K, reserved 1048576K
}
Event: 13855.100 GC heap after
{Heap after GC invocations=63 (full 3):
 PSYoungGen      total 7680K, used 320K [0x00000000d5580000, 0x00000000d6280000, 0x0000000100000000)
  eden space 7168K, 0% used [0x00000000d5580000,0x00000000d5580000,0x00000000d5c80000)
  from space 512K, 62% used [0x00000000d6200000,0x00000000d6250000,0x00000000d6280000)
  to   space 512K, 0% used [0x00000000d6180000,0x00000000d6180000,0x00000000d6200000)
 ParOldGen       total 133632K, used 78796K [0x0000000080000000, 0x0000000088280000, 0x00000000d5580000)
  object space 133632K, 58% used [0x0000000080000000,0x0000000084cf3388,0x0000000088280000)
 Metaspace       used 61561K, committed 62976K, reserved 1114112K
  class space    used 6530K, committed 7168K, reserved 1048576K
}

Dll operation events (11 events):
Event: 0.007 Loaded shared library c:\Users\USER\.cursor\extensions\redhat.java-1.45.0-win32-x64\jre\21.0.8-win32-x86_64\bin\java.dll
Event: 0.055 Loaded shared library c:\Users\USER\.cursor\extensions\redhat.java-1.45.0-win32-x64\jre\21.0.8-win32-x86_64\bin\zip.dll
Event: 0.072 Loaded shared library C:\Users\USER\.cursor\extensions\redhat.java-1.45.0-win32-x64\jre\21.0.8-win32-x86_64\bin\instrument.dll
Event: 0.075 Loaded shared library C:\Users\USER\.cursor\extensions\redhat.java-1.45.0-win32-x64\jre\21.0.8-win32-x86_64\bin\net.dll
Event: 0.077 Loaded shared library C:\Users\USER\.cursor\extensions\redhat.java-1.45.0-win32-x64\jre\21.0.8-win32-x86_64\bin\nio.dll
Event: 0.080 Loaded shared library C:\Users\USER\.cursor\extensions\redhat.java-1.45.0-win32-x64\jre\21.0.8-win32-x86_64\bin\zip.dll
Event: 0.093 Loaded shared library C:\Users\USER\.cursor\extensions\redhat.java-1.45.0-win32-x64\jre\21.0.8-win32-x86_64\bin\jimage.dll
Event: 0.146 Loaded shared library c:\Users\USER\.cursor\extensions\redhat.java-1.45.0-win32-x64\jre\21.0.8-win32-x86_64\bin\verify.dll
Event: 1.036 Loaded shared library C:\Users\USER\AppData\Roaming\Cursor\User\globalStorage\redhat.java\1.45.0\config_win\org.eclipse.equinox.launcher\org.eclipse.equinox.launcher.win32.win32.x86_64_1.2.1400.v20250801-0854\eclipse_11916.dll
Event: 2.547 Loaded shared library C:\Users\USER\AppData\Local\Temp\jna-2614219\jna13555902524838050548.dll
Event: 352.216 Loaded shared library C:\Users\USER\.cursor\extensions\redhat.java-1.45.0-win32-x64\jre\21.0.8-win32-x86_64\bin\sunmscapi.dll

Deoptimization events (20 events):
Event: 1663.320 Thread 0x000001fe788c8f80 Uncommon trap: trap_request=0xffffffde fr.pc=0x000001fe22031620 relative=0x00000000000003e0
Event: 1663.320 Thread 0x000001fe788c8f80 Uncommon trap: reason=class_check action=maybe_recompile pc=0x000001fe22031620 method=java.io.DataOutputStream.writeInt(I)V @ 19 c2
Event: 1663.320 Thread 0x000001fe788c8f80 DEOPT PACKING pc=0x000001fe22031620 sp=0x000000e9a63feff0
Event: 1663.320 Thread 0x000001fe788c8f80 DEOPT UNPACKING pc=0x000001fe21743aa2 sp=0x000000e9a63fef98 mode 2
Event: 1663.320 Thread 0x000001fe788c8f80 DEOPT PACKING pc=0x000001fe1aee0300 sp=0x000000e9a63fe910
Event: 1663.320 Thread 0x000001fe788c8f80 DEOPT UNPACKING pc=0x000001fe21744242 sp=0x000000e9a63fde68 mode 0
Event: 1663.320 Thread 0x000001fe788c8f80 Uncommon trap: trap_request=0xffffffde fr.pc=0x000001fe22031620 relative=0x00000000000003e0
Event: 1663.320 Thread 0x000001fe788c8f80 Uncommon trap: reason=class_check action=maybe_recompile pc=0x000001fe22031620 method=java.io.DataOutputStream.writeInt(I)V @ 19 c2
Event: 1663.320 Thread 0x000001fe788c8f80 DEOPT PACKING pc=0x000001fe22031620 sp=0x000000e9a63fe930
Event: 1663.320 Thread 0x000001fe788c8f80 DEOPT UNPACKING pc=0x000001fe21743aa2 sp=0x000000e9a63fe8d8 mode 2
Event: 1663.320 Thread 0x000001fe788c8f80 Uncommon trap: trap_request=0xffffffde fr.pc=0x000001fe22031620 relative=0x00000000000003e0
Event: 1663.320 Thread 0x000001fe788c8f80 Uncommon trap: reason=class_check action=maybe_recompile pc=0x000001fe22031620 method=java.io.DataOutputStream.writeInt(I)V @ 19 c2
Event: 1663.320 Thread 0x000001fe788c8f80 DEOPT PACKING pc=0x000001fe22031620 sp=0x000000e9a63fe8c0
Event: 1663.320 Thread 0x000001fe788c8f80 DEOPT UNPACKING pc=0x000001fe21743aa2 sp=0x000000e9a63fe868 mode 2
Event: 1663.321 Thread 0x000001fe788c8f80 Uncommon trap: trap_request=0xffffff45 fr.pc=0x000001fe21e18260 relative=0x00000000000001c0
Event: 1663.321 Thread 0x000001fe788c8f80 Uncommon trap: reason=unstable_if action=reinterpret pc=0x000001fe21e18260 method=jdk.internal.org.objectweb.asm.Frame.push(I)V @ 26 c2
Event: 1663.321 Thread 0x000001fe788c8f80 DEOPT PACKING pc=0x000001fe21e18260 sp=0x000000e9a63fd5a0
Event: 1663.321 Thread 0x000001fe788c8f80 DEOPT UNPACKING pc=0x000001fe21743aa2 sp=0x000000e9a63fd528 mode 2
Event: 8931.962 Thread 0x000001fe766e40a0 DEOPT PACKING pc=0x000001fe1aa45c04 sp=0x000000e9a60fe270
Event: 8931.962 Thread 0x000001fe766e40a0 DEOPT UNPACKING pc=0x000001fe21744242 sp=0x000000e9a60fd728 mode 0

Classes loaded (20 events):
Event: 1363.412 Loading class java/util/ImmutableCollections$SubList
Event: 1363.412 Loading class java/util/ImmutableCollections$SubList done
Event: 1663.307 Loading class java/util/stream/Nodes$CollectorTask$OfRef
Event: 1663.307 Loading class java/util/stream/Nodes$CollectorTask
Event: 1663.307 Loading class java/util/stream/Nodes$CollectorTask done
Event: 1663.307 Loading class java/util/stream/Nodes$CollectorTask$OfRef done
Event: 1663.307 Loading class java/util/function/LongFunction
Event: 1663.307 Loading class java/util/function/LongFunction done
Event: 1663.307 Loading class java/util/stream/Nodes$ConcNode
Event: 1663.307 Loading class java/util/stream/Nodes$AbstractConcNode
Event: 1663.308 Loading class java/util/stream/Nodes$AbstractConcNode done
Event: 1663.308 Loading class java/util/stream/Nodes$ConcNode done
Event: 1663.315 Loading class java/io/ObjectOutputStream$BlockDataOutputStream
Event: 1663.316 Loading class java/io/ObjectOutputStream$BlockDataOutputStream done
Event: 1663.316 Loading class java/io/ObjectOutputStream$HandleTable
Event: 1663.316 Loading class java/io/ObjectOutputStream$HandleTable done
Event: 1663.316 Loading class java/io/ObjectOutputStream$ReplaceTable
Event: 1663.316 Loading class java/io/ObjectOutputStream$ReplaceTable done
Event: 3648.955 Loading class java/lang/invoke/MethodHandleImpl$CountingWrapper$1
Event: 3648.956 Loading class java/lang/invoke/MethodHandleImpl$CountingWrapper$1 done

Classes unloaded (8 events):
Event: 3.017 Thread 0x000001fe6f1e4530 Unloading class 0x000001fe2f1a6800 'java/lang/invoke/LambdaForm$MH+0x000001fe2f1a6800'
Event: 3.017 Thread 0x000001fe6f1e4530 Unloading class 0x000001fe2f1a6400 'java/lang/invoke/LambdaForm$MH+0x000001fe2f1a6400'
Event: 3.017 Thread 0x000001fe6f1e4530 Unloading class 0x000001fe2f1a6000 'java/lang/invoke/LambdaForm$MH+0x000001fe2f1a6000'
Event: 3.017 Thread 0x000001fe6f1e4530 Unloading class 0x000001fe2f1a5c00 'java/lang/invoke/LambdaForm$MH+0x000001fe2f1a5c00'
Event: 3.017 Thread 0x000001fe6f1e4530 Unloading class 0x000001fe2f1a5800 'java/lang/invoke/LambdaForm$BMH+0x000001fe2f1a5800'
Event: 3.017 Thread 0x000001fe6f1e4530 Unloading class 0x000001fe2f1a5400 'java/lang/invoke/LambdaForm$DMH+0x000001fe2f1a5400'
Event: 3.017 Thread 0x000001fe6f1e4530 Unloading class 0x000001fe2f1a4000 'java/lang/invoke/LambdaForm$DMH+0x000001fe2f1a4000'
Event: 352.673 Thread 0x000001fe6f1e4530 Unloading class 0x000001fe2f6a1c00 'java/lang/invoke/LambdaForm$DMH+0x000001fe2f6a1c00'

Classes redefined (0 events):
No events

Internal exceptions (20 events):
Event: 5894.321 Thread 0x000001fe766e40a0 Exception <a 'sun/nio/fs/WindowsException'{0x00000000d59dd748}> (0x00000000d59dd748) 
thrown [s\src\hotspot\share\prims\jni.cpp, line 520]
Event: 5894.321 Thread 0x000001fe766e40a0 Exception <a 'sun/nio/fs/WindowsException'{0x00000000d59e63f0}> (0x00000000d59e63f0) 
thrown [s\src\hotspot\share\prims\jni.cpp, line 520]
Event: 7309.887 Thread 0x000001fe766e40a0 Exception <a 'sun/nio/fs/WindowsException'{0x00000000d56f3570}> (0x00000000d56f3570) 
thrown [s\src\hotspot\share\prims\jni.cpp, line 520]
Event: 7309.887 Thread 0x000001fe766e40a0 Exception <a 'sun/nio/fs/WindowsException'{0x00000000d56f3e50}> (0x00000000d56f3e50) 
thrown [s\src\hotspot\share\prims\jni.cpp, line 520]
Event: 7974.740 Thread 0x000001fe766e40a0 Exception <a 'sun/nio/fs/WindowsException'{0x00000000d5c2a6b8}> (0x00000000d5c2a6b8) 
thrown [s\src\hotspot\share\prims\jni.cpp, line 520]
Event: 7974.741 Thread 0x000001fe766e40a0 Exception <a 'sun/nio/fs/WindowsException'{0x00000000d5c2af98}> (0x00000000d5c2af98) 
thrown [s\src\hotspot\share\prims\jni.cpp, line 520]
Event: 8440.707 Thread 0x000001fe788c8f80 Exception <a 'sun/nio/fs/WindowsException'{0x00000000d56b97b8}> (0x00000000d56b97b8) 
thrown [s\src\hotspot\share\prims\jni.cpp, line 520]
Event: 8440.707 Thread 0x000001fe788c8f80 Exception <a 'sun/nio/fs/WindowsException'{0x00000000d56ba098}> (0x00000000d56ba098) 
thrown [s\src\hotspot\share\prims\jni.cpp, line 520]
Event: 8806.996 Thread 0x000001fe766e40a0 Exception <a 'sun/nio/fs/WindowsException'{0x00000000d5972cc0}> (0x00000000d5972cc0) 
thrown [s\src\hotspot\share\prims\jni.cpp, line 520]
Event: 8806.996 Thread 0x000001fe766e40a0 Exception <a 'sun/nio/fs/WindowsException'{0x00000000d59735a0}> (0x00000000d59735a0) 
thrown [s\src\hotspot\share\prims\jni.cpp, line 520]
Event: 9204.422 Thread 0x000001fe766e40a0 Exception <a 'sun/nio/fs/WindowsException'{0x00000000d58ec0c8}> (0x00000000d58ec0c8) 
thrown [s\src\hotspot\share\prims\jni.cpp, line 520]
Event: 9204.422 Thread 0x000001fe766e40a0 Exception <a 'sun/nio/fs/WindowsException'{0x00000000d58ec9a8}> (0x00000000d58ec9a8) 
thrown [s\src\hotspot\share\prims\jni.cpp, line 520]
Event: 9886.267 Thread 0x000001fe766e40a0 Exception <a 'sun/nio/fs/WindowsException'{0x00000000d575fee0}> (0x00000000d575fee0) 
thrown [s\src\hotspot\share\prims\jni.cpp, line 520]
Event: 9886.267 Thread 0x000001fe766e40a0 Exception <a 'sun/nio/fs/WindowsException'{0x00000000d57607c0}> (0x00000000d57607c0) 
thrown [s\src\hotspot\share\prims\jni.cpp, line 520]
Event: 10325.005 Thread 0x000001fe788c88f0 Exception <a 'sun/nio/fs/WindowsException'{0x00000000d5a14840}> (0x00000000d5a14840) 
thrown [s\src\hotspot\share\prims\jni.cpp, line 520]
Event: 10325.005 Thread 0x000001fe788c88f0 Exception <a 'sun/nio/fs/WindowsException'{0x00000000d5a15120}> (0x00000000d5a15120) 
thrown [s\src\hotspot\share\prims\jni.cpp, line 520]
Event: 11646.239 Thread 0x000001fe766e40a0 Exception <a 'sun/nio/fs/WindowsException'{0x00000000d5b8e590}> (0x00000000d5b8e590) 
thrown [s\src\hotspot\share\prims\jni.cpp, line 520]
Event: 11646.239 Thread 0x000001fe766e40a0 Exception <a 'sun/nio/fs/WindowsException'{0x00000000d5b8ee70}> (0x00000000d5b8ee70) 
thrown [s\src\hotspot\share\prims\jni.cpp, line 520]
Event: 14154.934 Thread 0x000001fe788c88f0 Exception <a 'sun/nio/fs/WindowsException'{0x00000000d5772c70}> (0x00000000d5772c70) 
thrown [s\src\hotspot\share\prims\jni.cpp, line 520]
Event: 14154.934 Thread 0x000001fe788c88f0 Exception <a 'sun/nio/fs/WindowsException'{0x00000000d5773550}> (0x00000000d5773550) 
thrown [s\src\hotspot\share\prims\jni.cpp, line 520]

ZGC Phase Switch (0 events):
No events

VM Operations (20 events):
Event: 14187.391 Executing VM operation: HandshakeAllThreads (HandshakeForDeflation)
Event: 14187.391 Executing VM operation: HandshakeAllThreads (HandshakeForDeflation) done
Event: 14187.391 Executing VM operation: RendezvousGCThreads
Event: 14187.391 Executing VM operation: RendezvousGCThreads done
Event: 14307.716 Executing VM operation: HandshakeAllThreads (HandshakeForDeflation)
Event: 14307.716 Executing VM operation: HandshakeAllThreads (HandshakeForDeflation) done
Event: 14307.716 Executing VM operation: RendezvousGCThreads
Event: 14307.716 Executing VM operation: RendezvousGCThreads done
Event: 14367.795 Executing VM operation: HandshakeAllThreads (HandshakeForDeflation)
Event: 14367.795 Executing VM operation: HandshakeAllThreads (HandshakeForDeflation) done
Event: 14367.795 Executing VM operation: RendezvousGCThreads
Event: 14367.795 Executing VM operation: RendezvousGCThreads done
Event: 14427.987 Executing VM operation: HandshakeAllThreads (HandshakeForDeflation)
Event: 14427.987 Executing VM operation: HandshakeAllThreads (HandshakeForDeflation) done
Event: 14427.987 Executing VM operation: RendezvousGCThreads
Event: 14427.987 Executing VM operation: RendezvousGCThreads done
Event: 14488.116 Executing VM operation: HandshakeAllThreads (HandshakeForDeflation)
Event: 14488.116 Executing VM operation: HandshakeAllThreads (HandshakeForDeflation) done
Event: 14488.116 Executing VM operation: RendezvousGCThreads
Event: 14488.116 Executing VM operation: RendezvousGCThreads done

Memory protections (0 events):
No events

Nmethod flushes (20 events):
Event: 352.689 Thread 0x000001fe6f1e4530 flushing  nmethod 0x000001fe1aa5a790
Event: 352.689 Thread 0x000001fe6f1e4530 flushing  nmethod 0x000001fe1aa5b010
Event: 352.689 Thread 0x000001fe6f1e4530 flushing  nmethod 0x000001fe1aa5ce10
Event: 352.689 Thread 0x000001fe6f1e4530 flushing  nmethod 0x000001fe1aa67990
Event: 352.689 Thread 0x000001fe6f1e4530 flushing  nmethod 0x000001fe1aa6d610
Event: 352.689 Thread 0x000001fe6f1e4530 flushing  nmethod 0x000001fe1aa8b810
Event: 352.689 Thread 0x000001fe6f1e4530 flushing osr nmethod 0x000001fe1aaa6410
Event: 352.689 Thread 0x000001fe6f1e4530 flushing  nmethod 0x000001fe1aaca790
Event: 352.689 Thread 0x000001fe6f1e4530 flushing  nmethod 0x000001fe1aacae10
Event: 352.689 Thread 0x000001fe6f1e4530 flushing  nmethod 0x000001fe1aacc910
Event: 352.689 Thread 0x000001fe6f1e4530 flushing  nmethod 0x000001fe1aace210
Event: 352.689 Thread 0x000001fe6f1e4530 flushing  nmethod 0x000001fe1aad1590
Event: 352.689 Thread 0x000001fe6f1e4530 flushing  nmethod 0x000001fe1aad8990
Event: 352.689 Thread 0x000001fe6f1e4530 flushing  nmethod 0x000001fe1aad8e10
Event: 352.689 Thread 0x000001fe6f1e4530 flushing  nmethod 0x000001fe1aad9f90
Event: 352.689 Thread 0x000001fe6f1e4530 flushing  nmethod 0x000001fe1aadc990
Event: 352.689 Thread 0x000001fe6f1e4530 flushing  nmethod 0x000001fe1aae5710
Event: 352.689 Thread 0x000001fe6f1e4530 flushing  nmethod 0x000001fe1aaf4c10
Event: 352.689 Thread 0x000001fe6f1e4530 flushing  nmethod 0x000001fe1ab0d190
Event: 352.689 Thread 0x000001fe6f1e4530 flushing  nmethod 0x000001fe1ab0dc90

Events (20 events):
Event: 9204.422 Thread 0x000001fe766e40a0 Thread added: 0x000001fe788c88f0
Event: 9204.423 Thread 0x000001fe788c88f0 Thread exited: 0x000001fe788c88f0
Event: 9204.539 Thread 0x000001fe766e40a0 Thread added: 0x000001fe788c88f0
Event: 9264.540 Thread 0x000001fe788c8f80 Thread exited: 0x000001fe788c8f80
Event: 9886.266 Thread 0x000001fe766e40a0 Thread added: 0x000001fe788cc400
Event: 9886.266 Thread 0x000001fe788cc400 Thread exited: 0x000001fe788cc400
Event: 9886.268 Thread 0x000001fe766e40a0 Thread added: 0x000001fe788cc400
Event: 9886.268 Thread 0x000001fe788cc400 Thread exited: 0x000001fe788cc400
Event: 10325.004 Thread 0x000001fe788c88f0 Thread added: 0x000001fe788cc400
Event: 10325.004 Thread 0x000001fe788cc400 Thread exited: 0x000001fe788cc400
Event: 10325.006 Thread 0x000001fe788c88f0 Thread added: 0x000001fe788cc400
Event: 10325.006 Thread 0x000001fe788cc400 Thread exited: 0x000001fe788cc400
Event: 11646.238 Thread 0x000001fe766e40a0 Thread added: 0x000001fe788c9610
Event: 11646.238 Thread 0x000001fe788c9610 Thread exited: 0x000001fe788c9610
Event: 11646.240 Thread 0x000001fe766e40a0 Thread added: 0x000001fe788cc400
Event: 11646.240 Thread 0x000001fe788cc400 Thread exited: 0x000001fe788cc400
Event: 14154.932 Thread 0x000001fe788c88f0 Thread added: 0x000001fe788cc400
Event: 14154.933 Thread 0x000001fe788cc400 Thread exited: 0x000001fe788cc400
Event: 14154.935 Thread 0x000001fe788c88f0 Thread added: 0x000001fe788cc400
Event: 14154.935 Thread 0x000001fe788cc400 Thread exited: 0x000001fe788cc400


Dynamic libraries:
0x00007ff692060000 - 0x00007ff69206e000 	c:\Users\USER\.cursor\extensions\redhat.java-1.45.0-win32-x64\jre\21.0.8-win32-x86_64\bin\java.exe
0x00007ffc93720000 - 0x00007ffc93988000 	C:\WINDOWS\SYSTEM32\ntdll.dll
0x00007ffc91e40000 - 0x00007ffc91f09000 	C:\WINDOWS\System32\KERNEL32.DLL
0x00007ffc90b10000 - 0x00007ffc90f02000 	C:\WINDOWS\System32\KERNELBASE.dll
0x00007ffc91100000 - 0x00007ffc9124b000 	C:\WINDOWS\System32\ucrtbase.dll
0x00007ffc45a40000 - 0x00007ffc45a5e000 	c:\Users\USER\.cursor\extensions\redhat.java-1.45.0-win32-x64\jre\21.0.8-win32-x86_64\bin\VCRUNTIME140.dll
0x00007ffc44550000 - 0x00007ffc44568000 	c:\Users\USER\.cursor\extensions\redhat.java-1.45.0-win32-x64\jre\21.0.8-win32-x86_64\bin\jli.dll
0x00007ffc91710000 - 0x00007ffc918d5000 	C:\WINDOWS\System32\USER32.dll
0x00007ffc7c410000 - 0x00007ffc7c6a3000 	C:\WINDOWS\WinSxS\amd64_microsoft.windows.common-controls_6595b64144ccf1df_6.0.26100.6725_none_3e085828e334708b\COMCTL32.dll
0x00007ffc908b0000 - 0x00007ffc908d7000 	C:\WINDOWS\System32\win32u.dll
0x00007ffc92cd0000 - 0x00007ffc92d79000 	C:\WINDOWS\System32\msvcrt.dll
0x00007ffc91f10000 - 0x00007ffc91f3b000 	C:\WINDOWS\System32\GDI32.dll
0x00007ffc91250000 - 0x00007ffc9137d000 	C:\WINDOWS\System32\gdi32full.dll
0x00007ffc90a60000 - 0x00007ffc90b03000 	C:\WINDOWS\System32\msvcp_win.dll
0x00007ffc91c60000 - 0x00007ffc91c8f000 	C:\WINDOWS\System32\IMM32.DLL
0x00007ffc8b8b0000 - 0x00007ffc8b8bc000 	c:\Users\USER\.cursor\extensions\redhat.java-1.45.0-win32-x64\jre\21.0.8-win32-x86_64\bin\vcruntime140_1.dll
0x00007ffc233c0000 - 0x00007ffc2344d000 	c:\Users\USER\.cursor\extensions\redhat.java-1.45.0-win32-x64\jre\21.0.8-win32-x86_64\bin\msvcp140.dll
0x00007ffbf68c0000 - 0x00007ffbf7657000 	c:\Users\USER\.cursor\extensions\redhat.java-1.45.0-win32-x64\jre\21.0.8-win32-x86_64\bin\server\jvm.dll
0x00007ffc93620000 - 0x00007ffc936d4000 	C:\WINDOWS\System32\ADVAPI32.dll
0x00007ffc92900000 - 0x00007ffc929a6000 	C:\WINDOWS\System32\sechost.dll
0x00007ffc914f0000 - 0x00007ffc91608000 	C:\WINDOWS\System32\RPCRT4.dll
0x00007ffc92210000 - 0x00007ffc92284000 	C:\WINDOWS\System32\WS2_32.dll
0x00007ffc90710000 - 0x00007ffc9076e000 	C:\WINDOWS\SYSTEM32\POWRPROF.dll
0x00007ffc89220000 - 0x00007ffc8922b000 	C:\WINDOWS\SYSTEM32\VERSION.dll
0x00007ffc7df00000 - 0x00007ffc7df35000 	C:\WINDOWS\SYSTEM32\WINMM.dll
0x00007ffc906f0000 - 0x00007ffc90704000 	C:\WINDOWS\SYSTEM32\UMPDC.dll
0x00007ffc8f680000 - 0x00007ffc8f69b000 	C:\WINDOWS\SYSTEM32\kernel.appcore.dll
0x00007ffc8aca0000 - 0x00007ffc8acaa000 	c:\Users\USER\.cursor\extensions\redhat.java-1.45.0-win32-x64\jre\21.0.8-win32-x86_64\bin\jimage.dll
0x00007ffc7c770000 - 0x00007ffc7c9b2000 	C:\WINDOWS\SYSTEM32\DBGHELP.DLL
0x00007ffc918e0000 - 0x00007ffc91c5b000 	C:\WINDOWS\System32\combase.dll
0x00007ffc92820000 - 0x00007ffc928f7000 	C:\WINDOWS\System32\OLEAUT32.dll
0x00007ffc796e0000 - 0x00007ffc7971c000 	C:\WINDOWS\SYSTEM32\dbgcore.DLL
0x00007ffc91060000 - 0x00007ffc910f8000 	C:\WINDOWS\System32\bcryptPrimitives.dll
0x00007ffc8aab0000 - 0x00007ffc8aabf000 	c:\Users\USER\.cursor\extensions\redhat.java-1.45.0-win32-x64\jre\21.0.8-win32-x86_64\bin\instrument.dll
0x00007ffc41e10000 - 0x00007ffc41e2f000 	c:\Users\USER\.cursor\extensions\redhat.java-1.45.0-win32-x64\jre\21.0.8-win32-x86_64\bin\java.dll
0x00007ffc92ed0000 - 0x00007ffc9361c000 	C:\WINDOWS\System32\SHELL32.dll
0x00007ffc91380000 - 0x00007ffc914eb000 	C:\WINDOWS\System32\wintypes.dll
0x00007ffc8e540000 - 0x00007ffc8ed9d000 	C:\WINDOWS\SYSTEM32\windows.storage.dll
0x00007ffc92d80000 - 0x00007ffc92e72000 	C:\WINDOWS\System32\SHCORE.dll
0x00007ffc921a0000 - 0x00007ffc92202000 	C:\WINDOWS\System32\shlwapi.dll
0x00007ffc907d0000 - 0x00007ffc907f9000 	C:\WINDOWS\SYSTEM32\profapi.dll
0x00007ffc41960000 - 0x00007ffc41978000 	c:\Users\USER\.cursor\extensions\redhat.java-1.45.0-win32-x64\jre\21.0.8-win32-x86_64\bin\zip.dll
0x00007ffc89b60000 - 0x00007ffc89b70000 	C:\Users\USER\.cursor\extensions\redhat.java-1.45.0-win32-x64\jre\21.0.8-win32-x86_64\bin\net.dll
0x00007ffc89fb0000 - 0x00007ffc8a0cf000 	C:\WINDOWS\SYSTEM32\WINHTTP.dll
0x00007ffc8fbf0000 - 0x00007ffc8fc5b000 	C:\WINDOWS\system32\mswsock.dll
0x00007ffc2ca90000 - 0x00007ffc2caa6000 	C:\Users\USER\.cursor\extensions\redhat.java-1.45.0-win32-x64\jre\21.0.8-win32-x86_64\bin\nio.dll
0x00007ffc652e0000 - 0x00007ffc652f0000 	c:\Users\USER\.cursor\extensions\redhat.java-1.45.0-win32-x64\jre\21.0.8-win32-x86_64\bin\verify.dll
0x00007ffc23370000 - 0x00007ffc233b4000 	C:\Users\USER\AppData\Roaming\Cursor\User\globalStorage\redhat.java\1.45.0\config_win\org.eclipse.equinox.launcher\org.eclipse.equinox.launcher.win32.win32.x86_64_1.2.1400.v20250801-0854\eclipse_11916.dll
0x00007ffc91ca0000 - 0x00007ffc91e38000 	C:\WINDOWS\System32\ole32.dll
0x00007ffc8fea0000 - 0x00007ffc8febb000 	C:\WINDOWS\SYSTEM32\CRYPTSP.dll
0x00007ffc8f5e0000 - 0x00007ffc8f61b000 	C:\WINDOWS\system32\rsaenh.dll
0x00007ffc8fc90000 - 0x00007ffc8fcbb000 	C:\WINDOWS\SYSTEM32\USERENV.dll
0x00007ffc907a0000 - 0x00007ffc907c6000 	C:\WINDOWS\SYSTEM32\bcrypt.dll
0x00007ffc8fec0000 - 0x00007ffc8fecc000 	C:\WINDOWS\SYSTEM32\CRYPTBASE.dll
0x00007ffc8f0a0000 - 0x00007ffc8f0d4000 	C:\WINDOWS\SYSTEM32\IPHLPAPI.DLL
0x00007ffc92a70000 - 0x00007ffc92a7a000 	C:\WINDOWS\System32\NSI.dll
0x00007ffc232d0000 - 0x00007ffc23319000 	C:\Users\USER\AppData\Local\Temp\jna-2614219\jna13555902524838050548.dll
0x00007ffc91640000 - 0x00007ffc91648000 	C:\WINDOWS\System32\PSAPI.DLL
0x00007ffc89d80000 - 0x00007ffc89d9e000 	C:\WINDOWS\SYSTEM32\dhcpcsvc6.DLL
0x00007ffc89d50000 - 0x00007ffc89d73000 	C:\WINDOWS\SYSTEM32\dhcpcsvc.DLL
0x00007ffc619e0000 - 0x00007ffc619ee000 	C:\Users\USER\.cursor\extensions\redhat.java-1.45.0-win32-x64\jre\21.0.8-win32-x86_64\bin\sunmscapi.dll
0x00007ffc908e0000 - 0x00007ffc90a57000 	C:\WINDOWS\System32\CRYPT32.dll
0x00007ffc900c0000 - 0x00007ffc900f0000 	C:\WINDOWS\SYSTEM32\ncrypt.dll
0x00007ffc90070000 - 0x00007ffc900af000 	C:\WINDOWS\SYSTEM32\NTASN1.dll

JVMTI agents:
c:\Users\USER\.cursor\extensions\redhat.java-1.45.0-win32-x64\lombok\lombok-1.18.39-4050.jar path:c:\Users\USER\.cursor\extensions\redhat.java-1.45.0-win32-x64\jre\21.0.8-win32-x86_64\bin\instrument.dll, loaded, initialized, instrumentlib options:none

dbghelp: loaded successfully - version: 4.0.5 - missing functions: none
symbol engine: initialized successfully - sym options: 0x614 - pdb path: .;c:\Users\USER\.cursor\extensions\redhat.java-1.45.0-win32-x64\jre\21.0.8-win32-x86_64\bin;C:\WINDOWS\SYSTEM32;C:\WINDOWS\WinSxS\amd64_microsoft.windows.common-controls_6595b64144ccf1df_6.0.26100.6725_none_3e085828e334708b;c:\Users\USER\.cursor\extensions\redhat.java-1.45.0-win32-x64\jre\21.0.8-win32-x86_64\bin\server;C:\Users\USER\AppData\Roaming\Cursor\User\globalStorage\redhat.java\1.45.0\config_win\org.eclipse.equinox.launcher\org.eclipse.equinox.launcher.win32.win32.x86_64_1.2.1400.v20250801-0854;C:\Users\USER\AppData\Local\Temp\jna-2614219

VM Arguments:
jvm_args: --add-modules=ALL-SYSTEM --add-opens=java.base/java.util=ALL-UNNAMED --add-opens=java.base/java.lang=ALL-UNNAMED --add-opens=java.base/sun.nio.fs=ALL-UNNAMED -Declipse.application=org.eclipse.jdt.ls.core.id1 -Dosgi.bundles.defaultStartLevel=4 -Declipse.product=org.eclipse.jdt.ls.core.product -Djava.import.generatesMetadataFilesAtProjectRoot=false -DDetectVMInstallationsJob.disabled=true -Dfile.encoding=utf8 -XX:+UseParallelGC -XX:GCTimeRatio=4 -XX:AdaptiveSizePolicyWeight=90 -Dsun.zip.disableMemoryMapping=true -Xmx2G -Xms100m -Xlog:disable -javaagent:c:\Users\USER\.cursor\extensions\redhat.java-1.45.0-win32-x64\lombok\lombok-1.18.39-4050.jar -XX:+HeapDumpOnOutOfMemoryError -XX:HeapDumpPath=c:\Users\USER\AppData\Roaming\Cursor\User\workspaceStorage\58c249a5a5ce41e556466586948ca084\redhat.java -Daether.dependencyCollector.impl=bf 
java_command: c:\Users\USER\.cursor\extensions\redhat.java-1.45.0-win32-x64\server\plugins\org.eclipse.equinox.launcher_1.7.0.v20250519-0528.jar -configuration c:\Users\USER\AppData\Roaming\Cursor\User\globalStorage\redhat.java\1.45.0\config_win -data c:\Users\USER\AppData\Roaming\Cursor\User\workspaceStorage\58c249a5a5ce41e556466586948ca084\redhat.java\jdt_ws --pipe=\\.\pipe\lsp-10d2500037fa0d1aa1913f4063daba7f-sock
java_class_path (initial): c:\Users\USER\.cursor\extensions\redhat.java-1.45.0-win32-x64\server\plugins\org.eclipse.equinox.launcher_1.7.0.v20250519-0528.jar
Launcher Type: SUN_STANDARD

[Global flags]
    uintx AdaptiveSizePolicyWeight                 = 90                                        {product} {command line}
     intx CICompilerCount                          = 4                                         {product} {ergonomic}
    uintx GCTimeRatio                              = 4                                         {product} {command line}
     bool HeapDumpOnOutOfMemoryError               = true                                   {manageable} {command line}
    ccstr HeapDumpPath                             = c:\Users\USER\AppData\Roaming\Cursor\User\workspaceStorage\58c249a5a5ce41e556466586948ca084\redhat.java         {manageable} {command line}
   size_t InitialHeapSize                          = 104857600                                 {product} {command line}
   size_t MaxHeapSize                              = 2147483648                                {product} {command line}
   size_t MaxNewSize                               = 715653120                                 {product} {ergonomic}
   size_t MinHeapDeltaBytes                        = 524288                                    {product} {ergonomic}
   size_t MinHeapSize                              = 104857600                                 {product} {command line}
   size_t NewSize                                  = 34603008                                  {product} {ergonomic}
    uintx NonNMethodCodeHeapSize                   = 5839372                                {pd product} {ergonomic}
    uintx NonProfiledCodeHeapSize                  = 122909434                              {pd product} {ergonomic}
   size_t OldSize                                  = 70254592                                  {product} {ergonomic}
    uintx ProfiledCodeHeapSize                     = 122909434                              {pd product} {ergonomic}
    uintx ReservedCodeCacheSize                    = 251658240                              {pd product} {ergonomic}
     bool SegmentedCodeCache                       = true                                      {product} {ergonomic}
   size_t SoftMaxHeapSize                          = 2147483648                             {manageable} {ergonomic}
     bool UseCompressedOops                        = true                           {product lp64_product} {ergonomic}
     bool UseLargePagesIndividualAllocation        = false                                  {pd product} {ergonomic}
     bool UseParallelGC                            = true                                      {product} {command line}

Logging:
Log output configuration:
 #0: stdout all=off uptime,level,tags foldmultilines=false
 #1: stderr all=off uptime,level,tags foldmultilines=false

Environment Variables:
JAVA_HOME=C:\Program Files\Java\jdk-23
PATH=C:\Program Files\Java\jdk-21\bin;C:\Program Files\Common Files\Oracle\Java\javapath;C:\ProgramData\Oracle\Java\javapath;C:\Program Files (x86)\Common Files\Intel\Shared Libraries\redist\intel64\compiler;C:\Windows\system32;C:\Windows;C:\Windows\System32\Wbem;C:\Windows\System32\WindowsPowerShell\v1.0\;C:\Windows\System32\OpenSSH\;C:\Program Files (x86)\NVIDIA Corporation\PhysX\Common;C:\Program Files\NVIDIA Corporation\NVIDIA NvDLISR;C:\Program Files (x86)\dotnet\;C:\WINDOWS\system32;C:\WINDOWS;C:\WINDOWS\System32\Wbem;C:\WINDOWS\System32\WindowsPowerShell\v1.0\;C:\WINDOWS\System32\OpenSSH\;%JAVA HOME%\bin;C:\Program Files\Git\cmd;C:\Program Files\maven-mvnd-1.0.2-windows-amd64;C:\Program Files (x86)\Microsoft SQL Server\160\Tools\Binn\;C:\Program Files\Microsoft SQL Server\160\Tools\Binn\;C:\Program Files\Microsoft SQL Server\Client SDK\ODBC\170\Tools\Binn\;C:\Program Files\Microsoft SQL Server\160\DTS\Binn\;C:\Program Files (x86)\Microsoft SQL Server\150\Tools\Binn\;C:\Program Files\Microsoft SQL Server\150\Tools\Binn\;C:\Program Files\Microsoft SQL Server\150\DTS\Binn\;C:\Program Files (x86)\Microsoft SQL Server\160\DTS\Binn\;C:\Program Files\Azure Data Studio\bin;C:\Users\USER\AppData\Local\Programs\Python\Launcher\;C:\Users\USER\AppData\Local\Microsoft\WindowsApps;C:\Users\USER\AppData\Local\Programs\Microsoft VS Code\bin;C:\Program Files\JetBrains\IntelliJ IDEA Community Edition 2024.3.3\bin;;C:\Users\USER\AppData\Local\GitHubDesktop\bin;C:\Users\USER\AppData\Local\Programs\cursor\resources\app\bin;C:\Program Files\Azure Data Studio\bin;C:\Users\USER\AppData\Local\Programs\Windsurf\bin
USERNAME=USER
OS=Windows_NT
PROCESSOR_IDENTIFIER=Intel64 Family 6 Model 165 Stepping 2, GenuineIntel
TMP=C:\Users\USER\AppData\Local\Temp
TEMP=C:\Users\USER\AppData\Local\Temp




Periodic native trim disabled

---------------  S Y S T E M  ---------------

OS:
 Windows 11 , 64 bit Build 26100 (10.0.26100.6725)
OS uptime: 0 days 11:24 hours

CPU: total 12 (initial active 12) (6 cores per cpu, 2 threads per core) family 6 model 165 stepping 2 microcode 0xe2, cx8, cmov, fxsr, ht, mmx, 3dnowpref, sse, sse2, sse3, ssse3, sse4.1, sse4.2, popcnt, lzcnt, tsc, tscinvbit, avx, avx2, aes, erms, clmul, bmi1, bmi2, adx, fma, vzeroupper, clflush, clflushopt, rdtscp, f16c, pku
Processor Information for the first 12 processors :
  Max Mhz: 2592, Current Mhz: 2592, Mhz Limit: 2592

Memory: 4k page, system-wide physical 16205M (3942M free)
TotalPageFile size 20301M (AvailPageFile size 0M)
current process WorkingSet (physical memory assigned to process): 89M, peak: 346M
current process commit charge ("private bytes"): 391M, peak: 421M

vm_info: OpenJDK 64-Bit Server VM (21.0.8+9-LTS) for windows-amd64 JRE (21.0.8+9-LTS), built on 2025-07-15T00:00:00Z by "admin" with MS VC++ 17.7 (VS2022)

END.
